<?xml version="1.0" encoding="UTF-8"?>
<testng-results skipped="0" failed="0" ignored="0" total="1" passed="1">
  <reporter-output>
  </reporter-output>
  <suite name="Default suite" duration-ms="63" started-at="2020-05-24T16:53:01 CDT" finished-at="2020-05-24T16:53:01 CDT">
    <groups>
    </groups>
    <test name="Default test" duration-ms="63" started-at="2020-05-24T16:53:01 CDT" finished-at="2020-05-24T16:53:01 CDT">
      <class name="Examples.test.FirstTestNg">
        <test-method status="PASS" signature="add()[pri:0, instance:Examples.test.FirstTestNg@4b4523f8]" name="add" duration-ms="10" started-at="2020-05-24T16:53:01 CDT" finished-at="2020-05-24T16:53:01 CDT">
          <reporter-output>
          </reporter-output>
        </test-method> <!-- add -->
      </class> <!-- Examples.test.FirstTestNg -->
    </test> <!-- Default test -->
  </suite> <!-- Default suite -->
</testng-results>
